[2023-05-22 16:08:06.455 INFO  restartedMain] [com.green.board7.Board7Application] Starting Board7Application using Java 17.0.7 with PID 12756 (D:\Students\spring\board7\target\classes started by Administrator in D:\Students\spring\board7)
[2023-05-22 16:08:06.457 INFO  restartedMain] [com.green.board7.Board7Application] No active profile set, falling back to 1 default profile: "default"
[2023-05-22 16:08:06.485 INFO  restartedMain] [org.springframework.boot.devtools.env.DevToolsPropertyDefaultsPostProcessor] Devtools property defaults active! Set 'spring.devtools.add-properties' to 'false' to disable
[2023-05-22 16:08:06.485 INFO  restartedMain] [org.springframework.boot.devtools.env.DevToolsPropertyDefaultsPostProcessor] For additional web related logging consider setting the 'logging.level.web' property to 'DEBUG'
[2023-05-22 16:08:07.187 INFO  restartedMain] [org.springframework.boot.web.embedded.tomcat.TomcatWebServer] Tomcat initialized with port(s): 8080 (http)
[2023-05-22 16:08:07.193 INFO  restartedMain] [org.apache.coyote.http11.Http11NioProtocol] Initializing ProtocolHandler ["http-nio-8080"]
[2023-05-22 16:08:07.193 INFO  restartedMain] [org.apache.catalina.core.StandardService] Starting service [Tomcat]
[2023-05-22 16:08:07.194 INFO  restartedMain] [org.apache.catalina.core.StandardEngine] Starting Servlet engine: [Apache Tomcat/10.1.8]
[2023-05-22 16:08:07.230 INFO  restartedMain] [org.apache.catalina.core.ContainerBase.[Tomcat].[localhost].[/]] Initializing Spring embedded WebApplicationContext
[2023-05-22 16:08:07.230 INFO  restartedMain] [org.springframework.boot.web.servlet.context.ServletWebServerApplicationContext] Root WebApplicationContext: initialization completed in 744 ms
[2023-05-22 16:08:07.668 INFO  restartedMain] [org.springframework.boot.devtools.autoconfigure.OptionalLiveReloadServer] LiveReload server is running on port 35729
[2023-05-22 16:08:07.680 INFO  restartedMain] [org.apache.coyote.http11.Http11NioProtocol] Starting ProtocolHandler ["http-nio-8080"]
[2023-05-22 16:08:07.691 INFO  restartedMain] [org.springframework.boot.web.embedded.tomcat.TomcatWebServer] Tomcat started on port(s): 8080 (http) with context path ''
[2023-05-22 16:08:07.698 INFO  restartedMain] [com.green.board7.Board7Application] Started Board7Application in 1.589 seconds (process running for 1.946)
[2023-05-22 16:08:28.554 INFO  restartedMain] [com.green.board7.Board7Application] Starting Board7Application using Java 17.0.7 with PID 14124 (D:\Students\spring\board7\target\classes started by Administrator in D:\Students\spring\board7)
[2023-05-22 16:08:28.555 INFO  restartedMain] [com.green.board7.Board7Application] No active profile set, falling back to 1 default profile: "default"
[2023-05-22 16:08:28.586 INFO  restartedMain] [org.springframework.boot.devtools.env.DevToolsPropertyDefaultsPostProcessor] Devtools property defaults active! Set 'spring.devtools.add-properties' to 'false' to disable
[2023-05-22 16:08:28.586 INFO  restartedMain] [org.springframework.boot.devtools.env.DevToolsPropertyDefaultsPostProcessor] For additional web related logging consider setting the 'logging.level.web' property to 'DEBUG'
[2023-05-22 16:08:29.271 INFO  restartedMain] [org.springframework.boot.web.embedded.tomcat.TomcatWebServer] Tomcat initialized with port(s): 8080 (http)
[2023-05-22 16:08:29.277 INFO  restartedMain] [org.apache.coyote.http11.Http11NioProtocol] Initializing ProtocolHandler ["http-nio-8080"]
[2023-05-22 16:08:29.277 INFO  restartedMain] [org.apache.catalina.core.StandardService] Starting service [Tomcat]
[2023-05-22 16:08:29.277 INFO  restartedMain] [org.apache.catalina.core.StandardEngine] Starting Servlet engine: [Apache Tomcat/10.1.8]
[2023-05-22 16:08:29.313 INFO  restartedMain] [org.apache.catalina.core.ContainerBase.[Tomcat].[localhost].[/]] Initializing Spring embedded WebApplicationContext
[2023-05-22 16:08:29.313 INFO  restartedMain] [org.springframework.boot.web.servlet.context.ServletWebServerApplicationContext] Root WebApplicationContext: initialization completed in 727 ms
[2023-05-22 16:08:29.724 INFO  restartedMain] [org.springframework.boot.devtools.autoconfigure.OptionalLiveReloadServer] LiveReload server is running on port 35729
[2023-05-22 16:08:29.735 INFO  restartedMain] [org.apache.coyote.http11.Http11NioProtocol] Starting ProtocolHandler ["http-nio-8080"]
[2023-05-22 16:08:29.745 INFO  restartedMain] [org.springframework.boot.web.embedded.tomcat.TomcatWebServer] Tomcat started on port(s): 8080 (http) with context path ''
[2023-05-22 16:08:29.752 INFO  restartedMain] [com.green.board7.Board7Application] Started Board7Application in 1.536 seconds (process running for 1.933)
[2023-05-22 16:39:12.753 INFO  restartedMain] [com.green.board7.Board7Application] Starting Board7Application using Java 17.0.7 with PID 15344 (D:\Students\spring\board7\target\classes started by Administrator in D:\Students\spring\board7)
[2023-05-22 16:39:12.755 INFO  restartedMain] [com.green.board7.Board7Application] No active profile set, falling back to 1 default profile: "default"
[2023-05-22 16:39:12.786 INFO  restartedMain] [org.springframework.boot.devtools.env.DevToolsPropertyDefaultsPostProcessor] Devtools property defaults active! Set 'spring.devtools.add-properties' to 'false' to disable
[2023-05-22 16:39:12.786 INFO  restartedMain] [org.springframework.boot.devtools.env.DevToolsPropertyDefaultsPostProcessor] For additional web related logging consider setting the 'logging.level.web' property to 'DEBUG'
[2023-05-22 16:39:13.498 INFO  restartedMain] [org.springframework.boot.web.embedded.tomcat.TomcatWebServer] Tomcat initialized with port(s): 8080 (http)
[2023-05-22 16:39:13.504 INFO  restartedMain] [org.apache.coyote.http11.Http11NioProtocol] Initializing ProtocolHandler ["http-nio-8080"]
[2023-05-22 16:39:13.504 INFO  restartedMain] [org.apache.catalina.core.StandardService] Starting service [Tomcat]
[2023-05-22 16:39:13.505 INFO  restartedMain] [org.apache.catalina.core.StandardEngine] Starting Servlet engine: [Apache Tomcat/10.1.8]
[2023-05-22 16:39:13.540 INFO  restartedMain] [org.apache.catalina.core.ContainerBase.[Tomcat].[localhost].[/]] Initializing Spring embedded WebApplicationContext
[2023-05-22 16:39:13.542 INFO  restartedMain] [org.springframework.boot.web.servlet.context.ServletWebServerApplicationContext] Root WebApplicationContext: initialization completed in 754 ms
[2023-05-22 16:39:13.985 INFO  restartedMain] [org.springframework.boot.devtools.autoconfigure.OptionalLiveReloadServer] LiveReload server is running on port 35729
[2023-05-22 16:39:13.995 INFO  restartedMain] [org.apache.coyote.http11.Http11NioProtocol] Starting ProtocolHandler ["http-nio-8080"]
[2023-05-22 16:39:14.007 INFO  restartedMain] [org.springframework.boot.web.embedded.tomcat.TomcatWebServer] Tomcat started on port(s): 8080 (http) with context path ''
[2023-05-22 16:39:14.013 INFO  restartedMain] [com.green.board7.Board7Application] Started Board7Application in 1.648 seconds (process running for 2.063)
[2023-05-22 16:49:45.535 INFO  restartedMain] [com.green.board7.Board7Application] Starting Board7Application using Java 17.0.7 with PID 12432 (D:\Students\spring\board7\target\classes started by Administrator in D:\Students\spring\board7)
[2023-05-22 16:49:45.537 INFO  restartedMain] [com.green.board7.Board7Application] No active profile set, falling back to 1 default profile: "default"
[2023-05-22 16:49:45.564 INFO  restartedMain] [org.springframework.boot.devtools.env.DevToolsPropertyDefaultsPostProcessor] Devtools property defaults active! Set 'spring.devtools.add-properties' to 'false' to disable
[2023-05-22 16:49:45.565 INFO  restartedMain] [org.springframework.boot.devtools.env.DevToolsPropertyDefaultsPostProcessor] For additional web related logging consider setting the 'logging.level.web' property to 'DEBUG'
[2023-05-22 16:49:46.268 INFO  restartedMain] [org.springframework.boot.web.embedded.tomcat.TomcatWebServer] Tomcat initialized with port(s): 8080 (http)
[2023-05-22 16:49:46.274 INFO  restartedMain] [org.apache.coyote.http11.Http11NioProtocol] Initializing ProtocolHandler ["http-nio-8080"]
[2023-05-22 16:49:46.274 INFO  restartedMain] [org.apache.catalina.core.StandardService] Starting service [Tomcat]
[2023-05-22 16:49:46.274 INFO  restartedMain] [org.apache.catalina.core.StandardEngine] Starting Servlet engine: [Apache Tomcat/10.1.8]
[2023-05-22 16:49:46.311 INFO  restartedMain] [org.apache.catalina.core.ContainerBase.[Tomcat].[localhost].[/]] Initializing Spring embedded WebApplicationContext
[2023-05-22 16:49:46.311 INFO  restartedMain] [org.springframework.boot.web.servlet.context.ServletWebServerApplicationContext] Root WebApplicationContext: initialization completed in 746 ms
[2023-05-22 16:49:46.740 INFO  restartedMain] [org.springframework.boot.devtools.autoconfigure.OptionalLiveReloadServer] LiveReload server is running on port 35729
[2023-05-22 16:49:46.752 INFO  restartedMain] [org.apache.coyote.http11.Http11NioProtocol] Starting ProtocolHandler ["http-nio-8080"]
[2023-05-22 16:49:46.763 INFO  restartedMain] [org.springframework.boot.web.embedded.tomcat.TomcatWebServer] Tomcat started on port(s): 8080 (http) with context path ''
[2023-05-22 16:49:46.769 INFO  restartedMain] [com.green.board7.Board7Application] Started Board7Application in 1.572 seconds (process running for 1.945)
[2023-05-22 16:50:29.837 INFO  http-nio-8080-exec-1] [org.apache.catalina.core.ContainerBase.[Tomcat].[localhost].[/]] Initializing Spring DispatcherServlet 'dispatcherServlet'
[2023-05-22 16:50:29.837 INFO  http-nio-8080-exec-1] [org.springframework.web.servlet.DispatcherServlet] Initializing Servlet 'dispatcherServlet'
[2023-05-22 16:50:29.838 INFO  http-nio-8080-exec-1] [org.springframework.web.servlet.DispatcherServlet] Completed initialization in 1 ms
[2023-05-22 16:50:29.888 WARN  http-nio-8080-exec-1] [com.green.board7.board.BoardController] 경고, 글 등록이 됩니다.
[2023-05-22 16:50:29.899 INFO  http-nio-8080-exec-1] [com.zaxxer.hikari.HikariDataSource] HikariPool-1 - Starting...
[2023-05-22 16:50:29.939 INFO  http-nio-8080-exec-1] [com.zaxxer.hikari.pool.HikariPool] HikariPool-1 - Added connection org.mariadb.jdbc.Connection@496e24d2
[2023-05-22 16:50:29.940 INFO  http-nio-8080-exec-1] [com.zaxxer.hikari.HikariDataSource] HikariPool-1 - Start completed.
[2023-05-22 16:52:27.443 INFO  SpringApplicationShutdownHook] [com.zaxxer.hikari.HikariDataSource] HikariPool-1 - Shutdown initiated...
[2023-05-22 16:52:27.446 INFO  SpringApplicationShutdownHook] [com.zaxxer.hikari.HikariDataSource] HikariPool-1 - Shutdown completed.
[2023-05-22 16:52:30.146 INFO  restartedMain] [com.green.board7.Board7Application] Starting Board7Application using Java 17.0.7 with PID 8184 (D:\Students\spring\board7\target\classes started by Administrator in D:\Students\spring\board7)
[2023-05-22 16:52:30.147 INFO  restartedMain] [com.green.board7.Board7Application] No active profile set, falling back to 1 default profile: "default"
[2023-05-22 16:52:30.176 INFO  restartedMain] [org.springframework.boot.devtools.env.DevToolsPropertyDefaultsPostProcessor] Devtools property defaults active! Set 'spring.devtools.add-properties' to 'false' to disable
[2023-05-22 16:52:30.176 INFO  restartedMain] [org.springframework.boot.devtools.env.DevToolsPropertyDefaultsPostProcessor] For additional web related logging consider setting the 'logging.level.web' property to 'DEBUG'
[2023-05-22 16:52:30.866 INFO  restartedMain] [org.springframework.boot.web.embedded.tomcat.TomcatWebServer] Tomcat initialized with port(s): 8080 (http)
[2023-05-22 16:52:30.872 INFO  restartedMain] [org.apache.coyote.http11.Http11NioProtocol] Initializing ProtocolHandler ["http-nio-8080"]
[2023-05-22 16:52:30.872 INFO  restartedMain] [org.apache.catalina.core.StandardService] Starting service [Tomcat]
[2023-05-22 16:52:30.872 INFO  restartedMain] [org.apache.catalina.core.StandardEngine] Starting Servlet engine: [Apache Tomcat/10.1.8]
[2023-05-22 16:52:30.914 INFO  restartedMain] [org.apache.catalina.core.ContainerBase.[Tomcat].[localhost].[/]] Initializing Spring embedded WebApplicationContext
[2023-05-22 16:52:30.914 INFO  restartedMain] [org.springframework.boot.web.servlet.context.ServletWebServerApplicationContext] Root WebApplicationContext: initialization completed in 737 ms
[2023-05-22 16:52:31.377 INFO  restartedMain] [org.springframework.boot.devtools.autoconfigure.OptionalLiveReloadServer] LiveReload server is running on port 35729
[2023-05-22 16:52:31.388 INFO  restartedMain] [org.apache.coyote.http11.Http11NioProtocol] Starting ProtocolHandler ["http-nio-8080"]
[2023-05-22 16:52:31.400 INFO  restartedMain] [org.springframework.boot.web.embedded.tomcat.TomcatWebServer] Tomcat started on port(s): 8080 (http) with context path ''
[2023-05-22 16:52:31.408 INFO  restartedMain] [com.green.board7.Board7Application] Started Board7Application in 1.601 seconds (process running for 1.954)
[2023-05-22 16:53:06.527 INFO  http-nio-8080-exec-1] [org.apache.catalina.core.ContainerBase.[Tomcat].[localhost].[/]] Initializing Spring DispatcherServlet 'dispatcherServlet'
[2023-05-22 16:53:06.527 INFO  http-nio-8080-exec-1] [org.springframework.web.servlet.DispatcherServlet] Initializing Servlet 'dispatcherServlet'
[2023-05-22 16:53:06.528 INFO  http-nio-8080-exec-1] [org.springframework.web.servlet.DispatcherServlet] Completed initialization in 1 ms
[2023-05-22 16:53:06.553 INFO  http-nio-8080-exec-1] [com.zaxxer.hikari.HikariDataSource] HikariPool-1 - Starting...
[2023-05-22 16:53:06.592 INFO  http-nio-8080-exec-1] [com.zaxxer.hikari.pool.HikariPool] HikariPool-1 - Added connection org.mariadb.jdbc.Connection@1b768acf
[2023-05-22 16:53:06.593 INFO  http-nio-8080-exec-1] [com.zaxxer.hikari.HikariDataSource] HikariPool-1 - Start completed.
[2023-05-22 16:53:38.069 WARN  http-nio-8080-exec-6] [org.springframework.web.servlet.mvc.support.DefaultHandlerExceptionResolver] Resolved [org.springframework.web.method.annotation.MethodArgumentTypeMismatchException: Failed to convert value of type 'java.lang.String' to required type 'int'; For input string: "favicon.ico"]
[2023-05-22 16:54:58.655 WARN  http-nio-8080-exec-3] [org.springframework.web.servlet.mvc.support.DefaultHandlerExceptionResolver] Resolved [org.springframework.web.method.annotation.MethodArgumentTypeMismatchException: Failed to convert value of type 'java.lang.String' to required type 'int'; For input string: "favicon.ico"]
[2023-05-22 16:55:32.410 INFO  SpringApplicationShutdownHook] [com.zaxxer.hikari.HikariDataSource] HikariPool-1 - Shutdown initiated...
[2023-05-22 16:55:32.413 INFO  SpringApplicationShutdownHook] [com.zaxxer.hikari.HikariDataSource] HikariPool-1 - Shutdown completed.
[2023-05-22 16:55:35.113 INFO  restartedMain] [com.green.board7.Board7Application] Starting Board7Application using Java 17.0.7 with PID 6728 (D:\Students\spring\board7\target\classes started by Administrator in D:\Students\spring\board7)
[2023-05-22 16:55:35.115 INFO  restartedMain] [com.green.board7.Board7Application] No active profile set, falling back to 1 default profile: "default"
[2023-05-22 16:55:35.143 INFO  restartedMain] [org.springframework.boot.devtools.env.DevToolsPropertyDefaultsPostProcessor] Devtools property defaults active! Set 'spring.devtools.add-properties' to 'false' to disable
[2023-05-22 16:55:35.144 INFO  restartedMain] [org.springframework.boot.devtools.env.DevToolsPropertyDefaultsPostProcessor] For additional web related logging consider setting the 'logging.level.web' property to 'DEBUG'
[2023-05-22 16:55:35.827 INFO  restartedMain] [org.springframework.boot.web.embedded.tomcat.TomcatWebServer] Tomcat initialized with port(s): 8080 (http)
[2023-05-22 16:55:35.833 INFO  restartedMain] [org.apache.coyote.http11.Http11NioProtocol] Initializing ProtocolHandler ["http-nio-8080"]
[2023-05-22 16:55:35.834 INFO  restartedMain] [org.apache.catalina.core.StandardService] Starting service [Tomcat]
[2023-05-22 16:55:35.834 INFO  restartedMain] [org.apache.catalina.core.StandardEngine] Starting Servlet engine: [Apache Tomcat/10.1.8]
[2023-05-22 16:55:35.871 INFO  restartedMain] [org.apache.catalina.core.ContainerBase.[Tomcat].[localhost].[/]] Initializing Spring embedded WebApplicationContext
[2023-05-22 16:55:35.871 INFO  restartedMain] [org.springframework.boot.web.servlet.context.ServletWebServerApplicationContext] Root WebApplicationContext: initialization completed in 727 ms
[2023-05-22 16:55:36.301 INFO  restartedMain] [org.springframework.boot.devtools.autoconfigure.OptionalLiveReloadServer] LiveReload server is running on port 35729
[2023-05-22 16:55:36.314 INFO  restartedMain] [org.apache.coyote.http11.Http11NioProtocol] Starting ProtocolHandler ["http-nio-8080"]
[2023-05-22 16:55:36.325 INFO  restartedMain] [org.springframework.boot.web.embedded.tomcat.TomcatWebServer] Tomcat started on port(s): 8080 (http) with context path ''
[2023-05-22 16:55:36.332 INFO  restartedMain] [com.green.board7.Board7Application] Started Board7Application in 1.557 seconds (process running for 1.921)
[2023-05-22 16:55:39.454 INFO  http-nio-8080-exec-1] [org.apache.catalina.core.ContainerBase.[Tomcat].[localhost].[/]] Initializing Spring DispatcherServlet 'dispatcherServlet'
[2023-05-22 16:55:39.454 INFO  http-nio-8080-exec-1] [org.springframework.web.servlet.DispatcherServlet] Initializing Servlet 'dispatcherServlet'
[2023-05-22 16:55:39.455 INFO  http-nio-8080-exec-1] [org.springframework.web.servlet.DispatcherServlet] Completed initialization in 1 ms
[2023-05-22 16:55:39.476 INFO  http-nio-8080-exec-1] [com.green.board7.board.BoardController] BoardEntity(iboard=3, title=null, ctnt=null, writer=null, createdAt=null, updatedAt=null)
[2023-05-22 16:55:39.499 INFO  http-nio-8080-exec-1] [com.zaxxer.hikari.HikariDataSource] HikariPool-1 - Starting...
[2023-05-22 16:55:39.538 INFO  http-nio-8080-exec-1] [com.zaxxer.hikari.pool.HikariPool] HikariPool-1 - Added connection org.mariadb.jdbc.Connection@ea743a0
[2023-05-22 16:55:39.539 INFO  http-nio-8080-exec-1] [com.zaxxer.hikari.HikariDataSource] HikariPool-1 - Start completed.
[2023-05-22 16:55:39.599 WARN  http-nio-8080-exec-4] [org.springframework.web.servlet.mvc.support.DefaultHandlerExceptionResolver] Resolved [org.springframework.web.method.annotation.MethodArgumentTypeMismatchException: Failed to convert value of type 'java.lang.String' to required type 'int'; For input string: "favicon.ico"]
[2023-05-22 18:07:14.419 INFO  SpringApplicationShutdownHook] [com.zaxxer.hikari.HikariDataSource] HikariPool-1 - Shutdown initiated...
[2023-05-22 18:07:14.422 INFO  SpringApplicationShutdownHook] [com.zaxxer.hikari.HikariDataSource] HikariPool-1 - Shutdown completed.
